Using pre-set license
Built from '2021.1/staging' branch; Version is '2021.1.11f1 (4d8c25f7477e) revision 5082149'; Using compiler version '192528614'; Build Type 'Release'
OS: 'Windows 10 Home; OS build 22621.2361; Version 2009; 64bit' Language: 'en' Physical Memory: 8034 MB
BatchMode: 1, IsHumanControllingUs: 0, StartBugReporterOnCrash: 0, Is64bit: 1, IsPro: 0

 COMMAND LINE ARGUMENTS:
C:\Program Files\Unity\Hub\Editor\Unity 2021.1.11f1\Editor\Unity.exe
-adb2
-batchMode
-noUpm
-name
AssetImportWorker0
-projectPath
C:/Users/JayBi/OneDrive/Desktop/ROTE/RiseOfTheElements/SummerGameProject
-logFile
Logs/AssetImportWorker0.log
-srvPort
29659
Successfully changed project path to: C:/Users/JayBi/OneDrive/Desktop/ROTE/RiseOfTheElements/SummerGameProject
C:/Users/JayBi/OneDrive/Desktop/ROTE/RiseOfTheElements/SummerGameProject
Using Asset Import Pipeline V2.
Refreshing native plugins compatible for Editor in 96.42 ms, found 5 plugins.
Preloading 0 native plugins for Editor in 0.00 ms.
Initialize engine version: 2021.1.11f1 (4d8c25f7477e)
[Subsystems] Discovering subsystems at path C:/Program Files/Unity/Hub/Editor/Unity 2021.1.11f1/Editor/Data/Resources/UnitySubsystems
[Subsystems] Discovering subsystems at path C:/Users/JayBi/OneDrive/Desktop/ROTE/RiseOfTheElements/SummerGameProject/Assets
GfxDevice: creating device client; threaded=0; jobified=0
Direct3D:
    Version:  Direct3D 11.0 [level 11.1]
    Renderer: NVIDIA GeForce GTX 1050 (ID=0x1c8d)
    Vendor:   NVIDIA
    VRAM:     4019 MB
    Driver:   31.0.15.1694
Shader 'Universal Render Pipeline/Particles/Lit': fallback shader 'Universal Render Pipeline/Particles/SimpleLit' not found
Initialize mono
Mono path[0] = 'C:/Program Files/Unity/Hub/Editor/Unity 2021.1.11f1/Editor/Data/Managed'
Mono path[1] = 'C:/Program Files/Unity/Hub/Editor/Unity 2021.1.11f1/Editor/Data/MonoBleedingEdge/lib/mono/unityjit'
Mono config path = 'C:/Program Files/Unity/Hub/Editor/Unity 2021.1.11f1/Editor/Data/MonoBleedingEdge/etc'
Using monoOptions --debugger-agent=transport=dt_socket,embedding=1,server=y,suspend=n,address=127.0.0.1:56652
Begin MonoManager ReloadAssembly
Registering precompiled unity dll's ...
Register platform support module: C:/Program Files/Unity/Hub/Editor/Unity 2021.1.11f1/Editor/Data/PlaybackEngines/WindowsStandaloneSupport/UnityEditor.WindowsStandalone.Extensions.dll
Registered in 0.004150 seconds.
Native extension for WindowsStandalone target not found
Refreshing native plugins compatible for Editor in 88.89 ms, found 5 plugins.
Preloading 0 native plugins for Editor in 0.00 ms.
Mono: successfully reloaded assembly
- Completed reload, in  4.858 seconds
Domain Reload Profiling:
	ReloadAssembly (4858ms)
		BeginReloadAssembly (53ms)
			ExecutionOrderSort (0ms)
			DisableScriptedObjects (0ms)
			BackupInstance (0ms)
			ReleaseScriptingObjects (0ms)
			CreateAndSetChildDomain (1ms)
		EndReloadAssembly (496ms)
			LoadAssemblies (51ms)
			RebuildTransferFunctionScriptingTraits (0ms)
			SetupTypeCache (175ms)
			ReleaseScriptCaches (0ms)
			RebuildScriptCaches (32ms)
			SetupLoadedEditorAssemblies (237ms)
				LogAssemblyErrors (0ms)
				InitializePlatformSupportModulesInManaged (6ms)
				SetLoadedEditorAssemblies (0ms)
				RefreshPlugins (89ms)
				BeforeProcessingInitializeOnLoad (2ms)
				ProcessInitializeOnLoadAttributes (109ms)
				ProcessInitializeOnLoadMethodAttributes (31ms)
				AfterProcessingInitializeOnLoad (0ms)
				EditorAssembliesLoaded (0ms)
			ExecutionOrderSort2 (0ms)
			AwakeInstancesAfterBackupRestoration (0ms)
Platform modules already initialized, skipping
Registering precompiled user dll's ...
Registered in 0.026282 seconds.
Begin MonoManager ReloadAssembly
Native extension for WindowsStandalone target not found
Refreshing native plugins compatible for Editor in 111.29 ms, found 5 plugins.
Preloading 0 native plugins for Editor in 0.00 ms.
Mono: successfully reloaded assembly
- Completed reload, in  2.794 seconds
Domain Reload Profiling:
	ReloadAssembly (2795ms)
		BeginReloadAssembly (196ms)
			ExecutionOrderSort (0ms)
			DisableScriptedObjects (7ms)
			BackupInstance (0ms)
			ReleaseScriptingObjects (0ms)
			CreateAndSetChildDomain (33ms)
		EndReloadAssembly (2498ms)
			LoadAssemblies (269ms)
			RebuildTransferFunctionScriptingTraits (0ms)
			SetupTypeCache (584ms)
			ReleaseScriptCaches (1ms)
			RebuildScriptCaches (169ms)
			SetupLoadedEditorAssemblies (1323ms)
				LogAssemblyErrors (0ms)
				InitializePlatformSupportModulesInManaged (5ms)
				SetLoadedEditorAssemblies (0ms)
				RefreshPlugins (111ms)
				BeforeProcessingInitializeOnLoad (104ms)
				ProcessInitializeOnLoadAttributes (1084ms)
				ProcessInitializeOnLoadMethodAttributes (12ms)
				AfterProcessingInitializeOnLoad (5ms)
				EditorAssembliesLoaded (0ms)
			ExecutionOrderSort2 (0ms)
			AwakeInstancesAfterBackupRestoration (8ms)
Platform modules already initialized, skipping
========================================================================
Worker process is ready to serve import requests
Shader 'Universal Render Pipeline/Particles/Lit': fallback shader 'Universal Render Pipeline/Particles/SimpleLit' not found
Launched and connected shader compiler UnityShaderCompiler.exe after 0.10 seconds
Refreshing native plugins compatible for Editor in 0.89 ms, found 5 plugins.
Preloading 0 native plugins for Editor in 0.00 ms.
Unloading 4686 Unused Serialized files (Serialized files now loaded: 0)
System memory in use before: 235.3 MB.
System memory in use after: 235.5 MB.

Unloading 157 unused Assets to reduce memory usage. Loaded Objects now: 5122.
Total: 4.494400 ms (FindLiveObjects: 0.413700 ms CreateObjectMapping: 0.281300 ms MarkObjects: 3.559900 ms  DeleteObjects: 0.236700 ms)

AssetImportParameters requested are different than current active one (requested -> active):
  custom:framework-win-MediaFoundation: 216162199b28c13a410421893ffa2e32 -> 
  custom:video-decoder-ogg-theora: a1e56fd34408186e4bbccfd4996cb3dc -> 
  custom:container-muxer-webm: aa71ff27fc2769a1b78a27578f13a17b -> 
  custom:container-demuxer-webm: 4f35f7cbe854078d1ac9338744f61a02 -> 
  custom:container-demuxer-ogg: 62fdf1f143b41e24485cea50d1cbac27 -> 
  custom:video-encoder-webm-vp8: eb34c28f22e8b96e1ab97ce403110664 -> 
  custom:video-decoder-webm-vp8: 9c59270c3fd7afecdb556c50c9e8de78 -> 
  custom:audio-decoder-ogg-vorbis: bf7c407c2cedff20999df2af8eb42d56 -> 
  custom:audio-encoder-webm-vorbis: bf7c407c2cedff20999df2af8eb42d56 -> 
========================================================================
Received Import Request.
  path: Assets/UI/Images/main menu button-rough
  artifactKey: Guid(040bb14016af5764dac7b8409f2ac4bb) Importer(815301076,1909f56bfc062723c751e8b465ee728b)
Start importing Assets/UI/Images/main menu button-rough using Guid(040bb14016af5764dac7b8409f2ac4bb) Importer(815301076,1909f56bfc062723c751e8b465ee728b)  -> (artifact id: '53a7ce10c5acf8de7071bdb3cd96438d') in 0.014091 seconds 
========================================================================
Received Import Request.
  Time since last request: 4.886957 seconds.
  path: Assets/UI/Images/main menu button-rough/continue button.png
  artifactKey: Guid(1dea6a650074bf242a925d6aac2eaa4e) Importer(815301076,1909f56bfc062723c751e8b465ee728b)
Start importing Assets/UI/Images/main menu button-rough/continue button.png using Guid(1dea6a650074bf242a925d6aac2eaa4e) Importer(815301076,1909f56bfc062723c751e8b465ee728b)  -> (artifact id: 'd4c4531c767449b97dafc07455c8896e') in 0.170767 seconds 
========================================================================
Received Import Request.
  Time since last request: 0.000280 seconds.
  path: Assets/UI/Images/main menu button-rough/credits button.png
  artifactKey: Guid(a375b33263eb09340864ca3b67e82e94) Importer(815301076,1909f56bfc062723c751e8b465ee728b)
Start importing Assets/UI/Images/main menu button-rough/credits button.png using Guid(a375b33263eb09340864ca3b67e82e94) Importer(815301076,1909f56bfc062723c751e8b465ee728b)  -> (artifact id: 'ea8229902c713d547c12429fc4ab30d9') in 0.016020 seconds 
========================================================================
Received Import Request.
  Time since last request: 0.000346 seconds.
  path: Assets/UI/Images/main menu button-rough/options button.png
  artifactKey: Guid(ae710901b48361845b457425a0236b3f) Importer(815301076,1909f56bfc062723c751e8b465ee728b)
Start importing Assets/UI/Images/main menu button-rough/options button.png using Guid(ae710901b48361845b457425a0236b3f) Importer(815301076,1909f56bfc062723c751e8b465ee728b)  -> (artifact id: '81cce81d8c166ee2035d5a1222c74894') in 0.018399 seconds 
========================================================================
Received Import Request.
  Time since last request: 0.000694 seconds.
  path: Assets/UI/Images/main menu button-rough/Exit game button.png
  artifactKey: Guid(d794fca98f6eb2d44898696a5d7b8134) Importer(815301076,1909f56bfc062723c751e8b465ee728b)
Start importing Assets/UI/Images/main menu button-rough/Exit game button.png using Guid(d794fca98f6eb2d44898696a5d7b8134) Importer(815301076,1909f56bfc062723c751e8b465ee728b)  -> (artifact id: '2613984b5644def48d4484d31cb265f9') in 0.020808 seconds 
========================================================================
Received Import Request.
  Time since last request: 0.000385 seconds.
  path: Assets/UI/Images/main menu button-rough/new game button.png
  artifactKey: Guid(bfcdfb60492b4e349a97308aa952d612) Importer(815301076,1909f56bfc062723c751e8b465ee728b)
Start importing Assets/UI/Images/main menu button-rough/new game button.png using Guid(bfcdfb60492b4e349a97308aa952d612) Importer(815301076,1909f56bfc062723c751e8b465ee728b)  -> (artifact id: '015e29a636027493deecbb5ac91260de') in 0.014886 seconds 
========================================================================
Received Import Request.
  Time since last request: 0.000437 seconds.
  path: Assets/UI/Images/main menu button-rough/load game button.png
  artifactKey: Guid(6680b6b453fa44e4491e0b2e27a445ba) Importer(815301076,1909f56bfc062723c751e8b465ee728b)
Start importing Assets/UI/Images/main menu button-rough/load game button.png using Guid(6680b6b453fa44e4491e0b2e27a445ba) Importer(815301076,1909f56bfc062723c751e8b465ee728b)  -> (artifact id: 'b387f0dcaf3c86f03f370a4e6ea56d77') in 0.016202 seconds 
========================================================================
Received Import Request.
  Time since last request: 79.032189 seconds.
  path: Assets/UI/Images/main menu button-rough/new game button.png
  artifactKey: Guid(bfcdfb60492b4e349a97308aa952d612) Importer(815301076,1909f56bfc062723c751e8b465ee728b)
Start importing Assets/UI/Images/main menu button-rough/new game button.png using Guid(bfcdfb60492b4e349a97308aa952d612) Importer(815301076,1909f56bfc062723c751e8b465ee728b)  -> (artifact id: '82cfaf95ae814ddea587b737279a2cd1') in 0.066966 seconds 
========================================================================
Received Import Request.
  Time since last request: 141.116867 seconds.
  path: Assets/Prefabs/VFX/Shaders/DefualtToonShader1.mat
  artifactKey: Guid(e9fee85fbdadb224bbbceccae055efd0) Importer(815301076,1909f56bfc062723c751e8b465ee728b)
Start importing Assets/Prefabs/VFX/Shaders/DefualtToonShader1.mat using Guid(e9fee85fbdadb224bbbceccae055efd0) Importer(815301076,1909f56bfc062723c751e8b465ee728b)  -> (artifact id: '4a7ab871e4ebc301f996633b99026a02') in 0.214765 seconds 
========================================================================
Received Import Request.
  Time since last request: 52.602022 seconds.
  path: Assets/UI/Images/main menu button-rough/options button.png
  artifactKey: Guid(ae710901b48361845b457425a0236b3f) Importer(815301076,1909f56bfc062723c751e8b465ee728b)
Start importing Assets/UI/Images/main menu button-rough/options button.png using Guid(ae710901b48361845b457425a0236b3f) Importer(815301076,1909f56bfc062723c751e8b465ee728b)  -> (artifact id: 'b2b2b5901c126c2018363e5f55eada70') in 0.019359 seconds 
========================================================================
Received Prepare
Registering precompiled user dll's ...
Registered in 0.010900 seconds.
Begin MonoManager ReloadAssembly
Native extension for WindowsStandalone target not found
Refreshing native plugins compatible for Editor in 1.00 ms, found 5 plugins.
Preloading 0 native plugins for Editor in 0.00 ms.
Warning: Annotation not found!
UnityEngine.StackTraceUtility:ExtractStackTrace ()
UnityEditor.ProBuilder.EditorUtility:SetGizmoIconEnabled (System.Type,bool) (at Library/PackageCache/com.unity.probuilder@5.0.3/Editor/EditorCore/EditorUtility.cs:575)
UnityEditor.ProBuilder.HierarchyListener:.cctor () (at Library/PackageCache/com.unity.probuilder@5.0.3/Editor/EditorCore/HierarchyListener.cs:21)
System.Runtime.CompilerServices.RuntimeHelpers:RunClassConstructor (System.RuntimeTypeHandle)
UnityEditor.EditorAssemblies:ProcessInitializeOnLoadAttributes (System.Type[])

[Library/PackageCache/com.unity.probuilder@5.0.3/Editor/EditorCore/EditorUtility.cs line 575]

Mono: successfully reloaded assembly
- Completed reload, in  1.633 seconds
Domain Reload Profiling:
	ReloadAssembly (1634ms)
		BeginReloadAssembly (164ms)
			ExecutionOrderSort (0ms)
			DisableScriptedObjects (7ms)
			BackupInstance (0ms)
			ReleaseScriptingObjects (0ms)
			CreateAndSetChildDomain (49ms)
		EndReloadAssembly (1373ms)
			LoadAssemblies (101ms)
			RebuildTransferFunctionScriptingTraits (0ms)
			SetupTypeCache (446ms)
			ReleaseScriptCaches (2ms)
			RebuildScriptCaches (102ms)
			SetupLoadedEditorAssemblies (493ms)
				LogAssemblyErrors (0ms)
				InitializePlatformSupportModulesInManaged (6ms)
				SetLoadedEditorAssemblies (1ms)
				RefreshPlugins (1ms)
				BeforeProcessingInitializeOnLoad (85ms)
				ProcessInitializeOnLoadAttributes (389ms)
				ProcessInitializeOnLoadMethodAttributes (6ms)
				AfterProcessingInitializeOnLoad (5ms)
				EditorAssembliesLoaded (0ms)
			ExecutionOrderSort2 (0ms)
			AwakeInstancesAfterBackupRestoration (23ms)
Platform modules already initialized, skipping
Shader 'Universal Render Pipeline/Particles/Lit': fallback shader 'Universal Render Pipeline/Particles/SimpleLit' not found
Refreshing native plugins compatible for Editor in 1.00 ms, found 5 plugins.
Preloading 0 native plugins for Editor in 0.00 ms.
Unloading 4287 Unused Serialized files (Serialized files now loaded: 0)
System memory in use before: 212.2 MB.
System memory in use after: 212.4 MB.

Unloading 26 unused Assets to reduce memory usage. Loaded Objects now: 5329.
Total: 4.307400 ms (FindLiveObjects: 0.418400 ms CreateObjectMapping: 0.285900 ms MarkObjects: 3.525300 ms  DeleteObjects: 0.076300 ms)

AssetImportParameters requested are different than current active one (requested -> active):
  custom:framework-win-MediaFoundation: 216162199b28c13a410421893ffa2e32 -> 
  custom:video-decoder-ogg-theora: a1e56fd34408186e4bbccfd4996cb3dc -> 
  custom:container-muxer-webm: aa71ff27fc2769a1b78a27578f13a17b -> 
  custom:container-demuxer-webm: 4f35f7cbe854078d1ac9338744f61a02 -> 
  custom:container-demuxer-ogg: 62fdf1f143b41e24485cea50d1cbac27 -> 
  custom:video-encoder-webm-vp8: eb34c28f22e8b96e1ab97ce403110664 -> 
  custom:video-decoder-webm-vp8: 9c59270c3fd7afecdb556c50c9e8de78 -> 
  custom:audio-decoder-ogg-vorbis: bf7c407c2cedff20999df2af8eb42d56 -> 
  custom:audio-encoder-webm-vorbis: bf7c407c2cedff20999df2af8eb42d56 -> 
========================================================================
Received Import Request.
  Time since last request: 189.149691 seconds.
  path: Assets/UI/Images/main menu button-rough/options button.png
  artifactKey: Guid(ae710901b48361845b457425a0236b3f) Importer(815301076,1909f56bfc062723c751e8b465ee728b)
Start importing Assets/UI/Images/main menu button-rough/options button.png using Guid(ae710901b48361845b457425a0236b3f) Importer(815301076,1909f56bfc062723c751e8b465ee728b)  -> (artifact id: '531cbd38e0ca2fd42789cbc2dddec16b') in 0.074533 seconds 
========================================================================
Received Import Request.
  Time since last request: 1.174904 seconds.
  path: Assets/UI/Images/main menu button-rough/new game button.png
  artifactKey: Guid(bfcdfb60492b4e349a97308aa952d612) Importer(815301076,1909f56bfc062723c751e8b465ee728b)
Start importing Assets/UI/Images/main menu button-rough/new game button.png using Guid(bfcdfb60492b4e349a97308aa952d612) Importer(815301076,1909f56bfc062723c751e8b465ee728b)  -> (artifact id: 'e4b2897e968c119e5cb60ff0c62de978') in 0.016843 seconds 
========================================================================
Received Prepare
Registering precompiled user dll's ...
Registered in 0.006051 seconds.
Begin MonoManager ReloadAssembly
Native extension for WindowsStandalone target not found
Refreshing native plugins compatible for Editor in 0.88 ms, found 5 plugins.
Preloading 0 native plugins for Editor in 0.00 ms.
Warning: Annotation not found!
UnityEngine.StackTraceUtility:ExtractStackTrace ()
UnityEditor.ProBuilder.EditorUtility:SetGizmoIconEnabled (System.Type,bool) (at Library/PackageCache/com.unity.probuilder@5.0.3/Editor/EditorCore/EditorUtility.cs:575)
UnityEditor.ProBuilder.HierarchyListener:.cctor () (at Library/PackageCache/com.unity.probuilder@5.0.3/Editor/EditorCore/HierarchyListener.cs:21)
System.Runtime.CompilerServices.RuntimeHelpers:RunClassConstructor (System.RuntimeTypeHandle)
UnityEditor.EditorAssemblies:ProcessInitializeOnLoadAttributes (System.Type[])

[Library/PackageCache/com.unity.probuilder@5.0.3/Editor/EditorCore/EditorUtility.cs line 575]

Mono: successfully reloaded assembly
- Completed reload, in  1.391 seconds
Domain Reload Profiling:
	ReloadAssembly (1391ms)
		BeginReloadAssembly (135ms)
			ExecutionOrderSort (0ms)
			DisableScriptedObjects (6ms)
			BackupInstance (0ms)
			ReleaseScriptingObjects (0ms)
			CreateAndSetChildDomain (47ms)
		EndReloadAssembly (1194ms)
			LoadAssemblies (99ms)
			RebuildTransferFunctionScriptingTraits (0ms)
			SetupTypeCache (411ms)
			ReleaseScriptCaches (2ms)
			RebuildScriptCaches (94ms)
			SetupLoadedEditorAssemblies (418ms)
				LogAssemblyErrors (0ms)
				InitializePlatformSupportModulesInManaged (5ms)
				SetLoadedEditorAssemblies (1ms)
				RefreshPlugins (1ms)
				BeforeProcessingInitializeOnLoad (85ms)
				ProcessInitializeOnLoadAttributes (315ms)
				ProcessInitializeOnLoadMethodAttributes (6ms)
				AfterProcessingInitializeOnLoad (5ms)
				EditorAssembliesLoaded (0ms)
			ExecutionOrderSort2 (0ms)
			AwakeInstancesAfterBackupRestoration (25ms)
Platform modules already initialized, skipping
Shader 'Universal Render Pipeline/Particles/Lit': fallback shader 'Universal Render Pipeline/Particles/SimpleLit' not found
Refreshing native plugins compatible for Editor in 0.95 ms, found 5 plugins.
Preloading 0 native plugins for Editor in 0.00 ms.
Unloading 4281 Unused Serialized files (Serialized files now loaded: 0)
System memory in use before: 212.8 MB.
System memory in use after: 213.0 MB.

Unloading 26 unused Assets to reduce memory usage. Loaded Objects now: 5361.
Total: 5.993100 ms (FindLiveObjects: 0.441500 ms CreateObjectMapping: 0.243100 ms MarkObjects: 5.223000 ms  DeleteObjects: 0.084000 ms)

AssetImportParameters requested are different than current active one (requested -> active):
  custom:framework-win-MediaFoundation: 216162199b28c13a410421893ffa2e32 -> 
  custom:video-decoder-ogg-theora: a1e56fd34408186e4bbccfd4996cb3dc -> 
  custom:container-muxer-webm: aa71ff27fc2769a1b78a27578f13a17b -> 
  custom:container-demuxer-webm: 4f35f7cbe854078d1ac9338744f61a02 -> 
  custom:container-demuxer-ogg: 62fdf1f143b41e24485cea50d1cbac27 -> 
  custom:video-encoder-webm-vp8: eb34c28f22e8b96e1ab97ce403110664 -> 
  custom:video-decoder-webm-vp8: 9c59270c3fd7afecdb556c50c9e8de78 -> 
  custom:audio-decoder-ogg-vorbis: bf7c407c2cedff20999df2af8eb42d56 -> 
  custom:audio-encoder-webm-vorbis: bf7c407c2cedff20999df2af8eb42d56 -> 
========================================================================
Received Import Request.
  Time since last request: 50.947740 seconds.
  path: Assets/UI/Images/main menu button-rough/continue button.png
  artifactKey: Guid(1dea6a650074bf242a925d6aac2eaa4e) Importer(815301076,1909f56bfc062723c751e8b465ee728b)
Start importing Assets/UI/Images/main menu button-rough/continue button.png using Guid(1dea6a650074bf242a925d6aac2eaa4e) Importer(815301076,1909f56bfc062723c751e8b465ee728b)  -> (artifact id: 'a4653e88dcb47cd6476e66c550681140') in 0.080668 seconds 
========================================================================
Received Import Request.
  Time since last request: 11.475987 seconds.
  path: Assets/UI/Images/main menu button-rough/credits button.png
  artifactKey: Guid(a375b33263eb09340864ca3b67e82e94) Importer(815301076,1909f56bfc062723c751e8b465ee728b)
Start importing Assets/UI/Images/main menu button-rough/credits button.png using Guid(a375b33263eb09340864ca3b67e82e94) Importer(815301076,1909f56bfc062723c751e8b465ee728b)  -> (artifact id: '3a5aa3080f8793342d214041e1c07d92') in 0.016569 seconds 
========================================================================
Received Import Request.
  Time since last request: 8.699003 seconds.
  path: Assets/UI/Images/main menu button-rough/Exit game button.png
  artifactKey: Guid(d794fca98f6eb2d44898696a5d7b8134) Importer(815301076,1909f56bfc062723c751e8b465ee728b)
Start importing Assets/UI/Images/main menu button-rough/Exit game button.png using Guid(d794fca98f6eb2d44898696a5d7b8134) Importer(815301076,1909f56bfc062723c751e8b465ee728b)  -> (artifact id: '9ff7918e29f56c001683058dc0806aef') in 0.022072 seconds 
========================================================================
Received Import Request.
  Time since last request: 7.781061 seconds.
  path: Assets/UI/Images/main menu button-rough/load game button.png
  artifactKey: Guid(6680b6b453fa44e4491e0b2e27a445ba) Importer(815301076,1909f56bfc062723c751e8b465ee728b)
Start importing Assets/UI/Images/main menu button-rough/load game button.png using Guid(6680b6b453fa44e4491e0b2e27a445ba) Importer(815301076,1909f56bfc062723c751e8b465ee728b)  -> (artifact id: 'e215868ec9286dfdeb75d149e8e4e93a') in 0.020353 seconds 
========================================================================
Received Prepare
Registering precompiled user dll's ...
Registered in 0.005723 seconds.
Begin MonoManager ReloadAssembly
Native extension for WindowsStandalone target not found
Refreshing native plugins compatible for Editor in 1.70 ms, found 5 plugins.
Preloading 0 native plugins for Editor in 0.00 ms.
Warning: Annotation not found!
UnityEngine.StackTraceUtility:ExtractStackTrace ()
UnityEditor.ProBuilder.EditorUtility:SetGizmoIconEnabled (System.Type,bool) (at Library/PackageCache/com.unity.probuilder@5.0.3/Editor/EditorCore/EditorUtility.cs:575)
UnityEditor.ProBuilder.HierarchyListener:.cctor () (at Library/PackageCache/com.unity.probuilder@5.0.3/Editor/EditorCore/HierarchyListener.cs:21)
System.Runtime.CompilerServices.RuntimeHelpers:RunClassConstructor (System.RuntimeTypeHandle)
UnityEditor.EditorAssemblies:ProcessInitializeOnLoadAttributes (System.Type[])

[Library/PackageCache/com.unity.probuilder@5.0.3/Editor/EditorCore/EditorUtility.cs line 575]

Mono: successfully reloaded assembly
- Completed reload, in  1.616 seconds
Domain Reload Profiling:
	ReloadAssembly (1616ms)
		BeginReloadAssembly (148ms)
			ExecutionOrderSort (0ms)
			DisableScriptedObjects (7ms)
			BackupInstance (0ms)
			ReleaseScriptingObjects (0ms)
			CreateAndSetChildDomain (48ms)
		EndReloadAssembly (1370ms)
			LoadAssemblies (123ms)
			RebuildTransferFunctionScriptingTraits (0ms)
			SetupTypeCache (483ms)
			ReleaseScriptCaches (2ms)
			RebuildScriptCaches (115ms)
			SetupLoadedEditorAssemblies (451ms)
				LogAssemblyErrors (0ms)
				InitializePlatformSupportModulesInManaged (6ms)
				SetLoadedEditorAssemblies (1ms)
				RefreshPlugins (2ms)
				BeforeProcessingInitializeOnLoad (104ms)
				ProcessInitializeOnLoadAttributes (325ms)
				ProcessInitializeOnLoadMethodAttributes (6ms)
				AfterProcessingInitializeOnLoad (5ms)
				EditorAssembliesLoaded (0ms)
			ExecutionOrderSort2 (0ms)
			AwakeInstancesAfterBackupRestoration (26ms)
Platform modules already initialized, skipping
Shader 'Universal Render Pipeline/Particles/Lit': fallback shader 'Universal Render Pipeline/Particles/SimpleLit' not found
Refreshing native plugins compatible for Editor in 1.31 ms, found 5 plugins.
Preloading 0 native plugins for Editor in 0.00 ms.
Unloading 4281 Unused Serialized files (Serialized files now loaded: 0)
System memory in use before: 214.6 MB.
System memory in use after: 214.8 MB.

Unloading 26 unused Assets to reduce memory usage. Loaded Objects now: 5423.
Total: 4.043500 ms (FindLiveObjects: 0.415100 ms CreateObjectMapping: 0.342900 ms MarkObjects: 3.214900 ms  DeleteObjects: 0.069800 ms)

AssetImportParameters requested are different than current active one (requested -> active):
  custom:framework-win-MediaFoundation: 216162199b28c13a410421893ffa2e32 -> 
  custom:video-decoder-ogg-theora: a1e56fd34408186e4bbccfd4996cb3dc -> 
  custom:container-muxer-webm: aa71ff27fc2769a1b78a27578f13a17b -> 
  custom:container-demuxer-webm: 4f35f7cbe854078d1ac9338744f61a02 -> 
  custom:container-demuxer-ogg: 62fdf1f143b41e24485cea50d1cbac27 -> 
  custom:video-encoder-webm-vp8: eb34c28f22e8b96e1ab97ce403110664 -> 
  custom:video-decoder-webm-vp8: 9c59270c3fd7afecdb556c50c9e8de78 -> 
  custom:audio-decoder-ogg-vorbis: bf7c407c2cedff20999df2af8eb42d56 -> 
  custom:audio-encoder-webm-vorbis: bf7c407c2cedff20999df2af8eb42d56 -> 
