
=== Sat Jun 12 14:25:14 2021

Packages were changed.
Update Mode: updateDependencies

The following packages were updated:
  com.unity.collab-proxy from version 1.3.9 to 1.5.7
  com.unity.ide.rider from version 1.2.1 to 3.0.7
  com.unity.ide.visualstudio from version 2.0.2 to 2.0.8
  com.unity.ide.vscode from version 1.2.1 to 1.2.3
  com.unity.test-framework from version 1.1.16 to 1.1.24
  com.unity.textmeshpro from version 3.0.1 to 3.0.6
  com.unity.timeline from version 1.3.5 to 1.5.5

=== Sun Nov 10 19:46:10 2024

Packages were changed.
Update Mode: updateDependencies

The following packages were added:
  com.unity.ai.navigation@1.1.5
The following packages were updated:
  com.unity.cinemachine from version 2.7.9 to 2.10.1
  com.unity.collab-proxy from version 1.5.7 to 2.4.4
  com.unity.ide.rider from version 3.0.7 to 3.0.31
  com.unity.ide.visualstudio from version 2.0.8 to 2.0.22
  com.unity.ide.vscode from version 1.2.3 to 1.2.5
  com.unity.inputsystem from version 1.0.2 to 1.7.0
  com.unity.polybrush from version 1.1.2 to 1.1.8
  com.unity.postprocessing from version 3.1.1 to 3.4.0
  com.unity.probuilder from version 5.0.3 to 5.2.3
  com.unity.recorder from version 2.5.7 to 4.0.3
  com.unity.render-pipelines.universal from version 11.0.0 to 14.0.11
  com.unity.test-framework from version 1.1.24 to 1.1.33
  com.unity.timeline from version 1.5.5 to 1.7.6
